2017/02/06 19:18:25 [error] [exception.CHttpException.404] exception 'CHttpException' with message 'Unable to resolve the request "gii".' in C:\xampp\yii\framework\web\CWebApplication.php:286
Stack trace:
#0 C:\xampp\yii\framework\web\CWebApplication.php(141): CWebApplication->runController('gii')
#1 C:\xampp\yii\framework\base\CApplication.php(180): CWebApplication->processRequest()
#2 C:\xampp\htdocs\gideon\index.php(13): CApplication->run()
#3 {main}
REQUEST_URI=/gideon/index.php?r=gii
---
2017/02/07 19:04:22 [error] [php] Missing argument 2 for CActiveForm::labelEx(), called in C:\xampp\htdocs\gideon\protected\views\gdPengumuman\_form.php on line 45 and defined (C:\xampp\yii\framework\web\widgets\CActiveForm.php:595)
Stack trace:
#0 C:\xampp\yii\framework\web\CBaseController.php(95): GdPengumumanController->renderInternal()
#1 C:\xampp\yii\framework\web\CController.php(869): GdPengumumanController->renderFile()
#2 C:\xampp\htdocs\gideon\protected\views\gdPengumuman\create.php(25): GdPengumumanController->renderPartial()
#3 C:\xampp\yii\framework\web\CBaseController.php(126): require()
#4 C:\xampp\yii\framework\web\CBaseController.php(95): GdPengumumanController->renderInternal()
#5 C:\xampp\yii\framework\web\CController.php(869): GdPengumumanController->renderFile()
#6 C:\xampp\yii\framework\web\CController.php(782): GdPengumumanController->renderPartial()
#7 C:\xampp\htdocs\gideon\protected\controllers\GdPengumumanController.php(79): GdPengumumanController->render()
#8 C:\xampp\yii\framework\web\actions\CInlineAction.php(49): GdPengumumanController->actionCreate()
#9 C:\xampp\yii\framework\web\CController.php(308): CInlineAction->runWithParams()
#10 C:\xampp\yii\framework\web\filters\CFilterChain.php(133): GdPengumumanController->runAction()
#11 C:\xampp\yii\framework\web\filters\CFilter.php(40): CFilterChain->run()
#12 C:\xampp\yii\framework\web\CController.php(1145): CAccessControlFilter->filter()
#13 C:\xampp\yii\framework\web\filters\CInlineFilter.php(58): GdPengumumanController->filterAccessControl()
#14 C:\xampp\yii\framework\web\filters\CFilterChain.php(130): CInlineFilter->filter()
#15 C:\xampp\yii\framework\web\CController.php(291): CFilterChain->run()
#16 C:\xampp\yii\framework\web\CController.php(265): GdPengumumanController->runActionWithFilters()
#17 C:\xampp\yii\framework\web\CWebApplication.php(282): GdPengumumanController->run()
#18 C:\xampp\yii\framework\web\CWebApplication.php(141): CWebApplication->runController()
#19 C:\xampp\yii\framework\base\CApplication.php(180): CWebApplication->processRequest()
#20 C:\xampp\htdocs\gideon\index.php(13): CWebApplication->run()
REQUEST_URI=/gideon/index.php?r=gdPengumuman/create
in C:\xampp\htdocs\gideon\protected\views\gdPengumuman\_form.php (45)
in C:\xampp\htdocs\gideon\protected\views\gdPengumuman\create.php (25)
in C:\xampp\htdocs\gideon\protected\controllers\GdPengumumanController.php (79)
2017/02/07 20:46:44 [error] [php] Undefined variable: murid (C:\xampp\htdocs\gideon\protected\views\gdKelas\_form.php:35)
Stack trace:
#0 C:\xampp\yii\framework\web\CController.php(869): GdKelasController->renderFile()
#1 C:\xampp\htdocs\gideon\protected\views\gdKelas\create.php(24): GdKelasController->renderPartial()
#2 C:\xampp\yii\framework\web\CBaseController.php(126): require()
#3 C:\xampp\yii\framework\web\CBaseController.php(95): GdKelasController->renderInternal()
#4 C:\xampp\yii\framework\web\CController.php(869): GdKelasController->renderFile()
#5 C:\xampp\yii\framework\web\CController.php(782): GdKelasController->renderPartial()
#6 C:\xampp\htdocs\gideon\protected\controllers\GdKelasController.php(81): GdKelasController->render()
#7 C:\xampp\yii\framework\web\actions\CInlineAction.php(49): GdKelasController->actionCreate()
#8 C:\xampp\yii\framework\web\CController.php(308): CInlineAction->runWithParams()
#9 C:\xampp\yii\framework\web\filters\CFilterChain.php(133): GdKelasController->runAction()
#10 C:\xampp\yii\framework\web\filters\CFilter.php(40): CFilterChain->run()
#11 C:\xampp\yii\framework\web\CController.php(1145): CAccessControlFilter->filter()
#12 C:\xampp\yii\framework\web\filters\CInlineFilter.php(58): GdKelasController->filterAccessControl()
#13 C:\xampp\yii\framework\web\filters\CFilterChain.php(130): CInlineFilter->filter()
#14 C:\xampp\yii\framework\web\CController.php(291): CFilterChain->run()
#15 C:\xampp\yii\framework\web\CController.php(265): GdKelasController->runActionWithFilters()
#16 C:\xampp\yii\framework\web\CWebApplication.php(282): GdKelasController->run()
#17 C:\xampp\yii\framework\web\CWebApplication.php(141): CWebApplication->runController()
#18 C:\xampp\yii\framework\base\CApplication.php(180): CWebApplication->processRequest()
#19 C:\xampp\htdocs\gideon\index.php(13): CWebApplication->run()
REQUEST_URI=/gideon/index.php?r=gdKelas/create
in C:\xampp\htdocs\gideon\protected\views\gdKelas\_form.php (35)
in C:\xampp\htdocs\gideon\protected\views\gdKelas\create.php (24)
in C:\xampp\htdocs\gideon\protected\controllers\GdKelasController.php (81)
2017/02/07 20:47:24 [error] [php] Undefined variable: murid (C:\xampp\htdocs\gideon\protected\views\gdKelas\_form.php:35)
Stack trace:
#0 C:\xampp\yii\framework\web\CController.php(869): GdKelasController->renderFile()
#1 C:\xampp\htdocs\gideon\protected\views\gdKelas\create.php(24): GdKelasController->renderPartial()
#2 C:\xampp\yii\framework\web\CBaseController.php(126): require()
#3 C:\xampp\yii\framework\web\CBaseController.php(95): GdKelasController->renderInternal()
#4 C:\xampp\yii\framework\web\CController.php(869): GdKelasController->renderFile()
#5 C:\xampp\yii\framework\web\CController.php(782): GdKelasController->renderPartial()
#6 C:\xampp\htdocs\gideon\protected\controllers\GdKelasController.php(81): GdKelasController->render()
#7 C:\xampp\yii\framework\web\actions\CInlineAction.php(49): GdKelasController->actionCreate()
#8 C:\xampp\yii\framework\web\CController.php(308): CInlineAction->runWithParams()
#9 C:\xampp\yii\framework\web\filters\CFilterChain.php(133): GdKelasController->runAction()
#10 C:\xampp\yii\framework\web\filters\CFilter.php(40): CFilterChain->run()
#11 C:\xampp\yii\framework\web\CController.php(1145): CAccessControlFilter->filter()
#12 C:\xampp\yii\framework\web\filters\CInlineFilter.php(58): GdKelasController->filterAccessControl()
#13 C:\xampp\yii\framework\web\filters\CFilterChain.php(130): CInlineFilter->filter()
#14 C:\xampp\yii\framework\web\CController.php(291): CFilterChain->run()
#15 C:\xampp\yii\framework\web\CController.php(265): GdKelasController->runActionWithFilters()
#16 C:\xampp\yii\framework\web\CWebApplication.php(282): GdKelasController->run()
#17 C:\xampp\yii\framework\web\CWebApplication.php(141): CWebApplication->runController()
#18 C:\xampp\yii\framework\base\CApplication.php(180): CWebApplication->processRequest()
#19 C:\xampp\htdocs\gideon\index.php(13): CWebApplication->run()
REQUEST_URI=/gideon/index.php?r=gdKelas/create
in C:\xampp\htdocs\gideon\protected\views\gdKelas\_form.php (35)
in C:\xampp\htdocs\gideon\protected\views\gdKelas\create.php (24)
in C:\xampp\htdocs\gideon\protected\controllers\GdKelasController.php (81)
2017/02/07 20:48:00 [error] [php] Undefined variable: Gdmurid (C:\xampp\htdocs\gideon\protected\views\gdKelas\_form.php:35)
Stack trace:
#0 C:\xampp\yii\framework\web\CController.php(869): GdKelasController->renderFile()
#1 C:\xampp\htdocs\gideon\protected\views\gdKelas\create.php(24): GdKelasController->renderPartial()
#2 C:\xampp\yii\framework\web\CBaseController.php(126): require()
#3 C:\xampp\yii\framework\web\CBaseController.php(95): GdKelasController->renderInternal()
#4 C:\xampp\yii\framework\web\CController.php(869): GdKelasController->renderFile()
#5 C:\xampp\yii\framework\web\CController.php(782): GdKelasController->renderPartial()
#6 C:\xampp\htdocs\gideon\protected\controllers\GdKelasController.php(81): GdKelasController->render()
#7 C:\xampp\yii\framework\web\actions\CInlineAction.php(49): GdKelasController->actionCreate()
#8 C:\xampp\yii\framework\web\CController.php(308): CInlineAction->runWithParams()
#9 C:\xampp\yii\framework\web\filters\CFilterChain.php(133): GdKelasController->runAction()
#10 C:\xampp\yii\framework\web\filters\CFilter.php(40): CFilterChain->run()
#11 C:\xampp\yii\framework\web\CController.php(1145): CAccessControlFilter->filter()
#12 C:\xampp\yii\framework\web\filters\CInlineFilter.php(58): GdKelasController->filterAccessControl()
#13 C:\xampp\yii\framework\web\filters\CFilterChain.php(130): CInlineFilter->filter()
#14 C:\xampp\yii\framework\web\CController.php(291): CFilterChain->run()
#15 C:\xampp\yii\framework\web\CController.php(265): GdKelasController->runActionWithFilters()
#16 C:\xampp\yii\framework\web\CWebApplication.php(282): GdKelasController->run()
#17 C:\xampp\yii\framework\web\CWebApplication.php(141): CWebApplication->runController()
#18 C:\xampp\yii\framework\base\CApplication.php(180): CWebApplication->processRequest()
#19 C:\xampp\htdocs\gideon\index.php(13): CWebApplication->run()
REQUEST_URI=/gideon/index.php?r=gdKelas/create
in C:\xampp\htdocs\gideon\protected\views\gdKelas\_form.php (35)
in C:\xampp\htdocs\gideon\protected\views\gdKelas\create.php (24)
in C:\xampp\htdocs\gideon\protected\controllers\GdKelasController.php (81)
2017/02/07 20:48:32 [error] [php] Undefined variable: Gdmurid (C:\xampp\htdocs\gideon\protected\views\gdKelas\_form.php:35)
Stack trace:
#0 C:\xampp\yii\framework\web\CController.php(869): GdKelasController->renderFile()
#1 C:\xampp\htdocs\gideon\protected\views\gdKelas\create.php(24): GdKelasController->renderPartial()
#2 C:\xampp\yii\framework\web\CBaseController.php(126): require()
#3 C:\xampp\yii\framework\web\CBaseController.php(95): GdKelasController->renderInternal()
#4 C:\xampp\yii\framework\web\CController.php(869): GdKelasController->renderFile()
#5 C:\xampp\yii\framework\web\CController.php(782): GdKelasController->renderPartial()
#6 C:\xampp\htdocs\gideon\protected\controllers\GdKelasController.php(81): GdKelasController->render()
#7 C:\xampp\yii\framework\web\actions\CInlineAction.php(49): GdKelasController->actionCreate()
#8 C:\xampp\yii\framework\web\CController.php(308): CInlineAction->runWithParams()
#9 C:\xampp\yii\framework\web\filters\CFilterChain.php(133): GdKelasController->runAction()
#10 C:\xampp\yii\framework\web\filters\CFilter.php(40): CFilterChain->run()
#11 C:\xampp\yii\framework\web\CController.php(1145): CAccessControlFilter->filter()
#12 C:\xampp\yii\framework\web\filters\CInlineFilter.php(58): GdKelasController->filterAccessControl()
#13 C:\xampp\yii\framework\web\filters\CFilterChain.php(130): CInlineFilter->filter()
#14 C:\xampp\yii\framework\web\CController.php(291): CFilterChain->run()
#15 C:\xampp\yii\framework\web\CController.php(265): GdKelasController->runActionWithFilters()
#16 C:\xampp\yii\framework\web\CWebApplication.php(282): GdKelasController->run()
#17 C:\xampp\yii\framework\web\CWebApplication.php(141): CWebApplication->runController()
#18 C:\xampp\yii\framework\base\CApplication.php(180): CWebApplication->processRequest()
#19 C:\xampp\htdocs\gideon\index.php(13): CWebApplication->run()
REQUEST_URI=/gideon/index.php?r=gdKelas/create
in C:\xampp\htdocs\gideon\protected\views\gdKelas\_form.php (35)
in C:\xampp\htdocs\gideon\protected\views\gdKelas\create.php (24)
in C:\xampp\htdocs\gideon\protected\controllers\GdKelasController.php (81)
2017/02/07 20:50:20 [error] [php] Undefined variable: bodat (C:\xampp\htdocs\gideon\protected\controllers\GdKelasController.php:83)
Stack trace:
#0 C:\xampp\yii\framework\web\filters\CFilterChain.php(133): GdKelasController->runAction()
#1 C:\xampp\yii\framework\web\filters\CFilter.php(40): CFilterChain->run()
#2 C:\xampp\yii\framework\web\CController.php(1145): CAccessControlFilter->filter()
#3 C:\xampp\yii\framework\web\filters\CInlineFilter.php(58): GdKelasController->filterAccessControl()
#4 C:\xampp\yii\framework\web\filters\CFilterChain.php(130): CInlineFilter->filter()
#5 C:\xampp\yii\framework\web\CController.php(291): CFilterChain->run()
#6 C:\xampp\yii\framework\web\CController.php(265): GdKelasController->runActionWithFilters()
#7 C:\xampp\yii\framework\web\CWebApplication.php(282): GdKelasController->run()
#8 C:\xampp\yii\framework\web\CWebApplication.php(141): CWebApplication->runController()
#9 C:\xampp\yii\framework\base\CApplication.php(180): CWebApplication->processRequest()
#10 C:\xampp\htdocs\gideon\index.php(13): CWebApplication->run()
REQUEST_URI=/gideon/index.php?r=gdKelas/create
in C:\xampp\htdocs\gideon\protected\controllers\GdKelasController.php (83)
in C:\xampp\htdocs\gideon\index.php (13)
2017/02/08 08:26:36 [error] [exception.CDbException] exception 'CDbException' with message 'CDbConnection failed to open the DB connection: SQLSTATE[HY000] [1049] Unknown database 'gideon'' in C:\xampp\yii\framework\db\CDbConnection.php:382
Stack trace:
#0 C:\xampp\yii\framework\db\CDbConnection.php(330): CDbConnection->open()
#1 C:\xampp\yii\framework\db\CDbConnection.php(308): CDbConnection->setActive(true)
#2 C:\xampp\yii\framework\base\CModule.php(387): CDbConnection->init()
#3 C:\xampp\yii\framework\base\CApplication.php(450): CModule->getComponent('db')
#4 C:\xampp\yii\framework\db\ar\CActiveRecord.php(634): CApplication->getDb()
#5 C:\xampp\yii\framework\db\ar\CActiveRecord.php(667): CActiveRecord->getDbConnection()
#6 C:\xampp\yii\framework\db\ar\CActiveRecord.php(1595): CActiveRecord->getCommandBuilder()
#7 C:\xampp\yii\framework\web\CActiveDataProvider.php(228): CActiveRecord->count(Object(CDbCriteria))
#8 C:\xampp\yii\framework\web\CDataProvider.php(224): CActiveDataProvider->calculateTotalItemCount()
#9 C:\xampp\yii\framework\web\CActiveDataProvider.php(178): CDataProvider->getTotalItemCount()
#10 C:\xampp\yii\framework\web\CDataProvider.php(168): CActiveDataProvider->fetchData()
#11 C:\xampp\yii\framework\zii\widgets\CBaseListView.php(111): CDataProvider->getData()
#12 C:\xampp\yii\framework\zii\widgets\CListView.php(211): CBaseListView->init()
#13 C:\xampp\yii\framework\web\CBaseController.php(147): CListView->init()
#14 C:\xampp\yii\framework\web\CBaseController.php(172): CBaseController->createWidget('zii.widgets.CLi...', Array)
#15 C:\xampp\htdocs\gideon\protected\views\gdPengumuman\index.php(27): CBaseController->widget('zii.widgets.CLi...', Array)
#16 C:\xampp\yii\framework\web\CBaseController.php(126): require('C:\xampp\htdocs...')
#17 C:\xampp\yii\framework\web\CBaseController.php(95): CBaseController->renderInternal('C:\xampp\htdocs...', Array, true)
#18 C:\xampp\yii\framework\web\CController.php(869): CBaseController->renderFile('C:\xampp\htdocs...', Array, true)
#19 C:\xampp\yii\framework\web\CController.php(782): CController->renderPartial('index', Array, true)
#20 C:\xampp\htdocs\gideon\protected\controllers\GdPengumumanController.php(128): CController->render('index', Array)
#21 C:\xampp\yii\framework\web\actions\CInlineAction.php(49): GdPengumumanController->actionIndex()
#22 C:\xampp\yii\framework\web\CController.php(308): CInlineAction->runWithParams(Array)
#23 C:\xampp\yii\framework\web\filters\CFilterChain.php(133): CController->runAction(Object(CInlineAction))
#24 C:\xampp\yii\framework\web\filters\CFilter.php(40): CFilterChain->run()
#25 C:\xampp\yii\framework\web\CController.php(1145): CFilter->filter(Object(CFilterChain))
#26 C:\xampp\yii\framework\web\filters\CInlineFilter.php(58): CController->filterAccessControl(Object(CFilterChain))
#27 C:\xampp\yii\framework\web\filters\CFilterChain.php(130): CInlineFilter->filter(Object(CFilterChain))
#28 C:\xampp\yii\framework\web\CController.php(291): CFilterChain->run()
#29 C:\xampp\yii\framework\web\CController.php(265): CController->runActionWithFilters(Object(CInlineAction), Array)
#30 C:\xampp\yii\framework\web\CWebApplication.php(282): CController->run('')
#31 C:\xampp\yii\framework\web\CWebApplication.php(141): CWebApplication->runController('gdPengumuman/')
#32 C:\xampp\yii\framework\base\CApplication.php(180): CWebApplication->processRequest()
#33 C:\xampp\htdocs\gideon\index.php(13): CApplication->run()
#34 {main}
REQUEST_URI=/gideon/index.php?r=gdPengumuman/
---
2017/02/08 08:27:00 [error] [exception.CDbException] exception 'CDbException' with message 'CDbConnection failed to open the DB connection: SQLSTATE[HY000] [2002] No connection could be made because the target machine actively refused it.
' in C:\xampp\yii\framework\db\CDbConnection.php:382
Stack trace:
#0 C:\xampp\yii\framework\db\CDbConnection.php(330): CDbConnection->open()
#1 C:\xampp\yii\framework\db\CDbConnection.php(308): CDbConnection->setActive(true)
#2 C:\xampp\yii\framework\base\CModule.php(387): CDbConnection->init()
#3 C:\xampp\yii\framework\base\CApplication.php(450): CModule->getComponent('db')
#4 C:\xampp\yii\framework\db\ar\CActiveRecord.php(634): CApplication->getDb()
#5 C:\xampp\yii\framework\db\ar\CActiveRecord.php(667): CActiveRecord->getDbConnection()
#6 C:\xampp\yii\framework\db\ar\CActiveRecord.php(1595): CActiveRecord->getCommandBuilder()
#7 C:\xampp\yii\framework\web\CActiveDataProvider.php(228): CActiveRecord->count(Object(CDbCriteria))
#8 C:\xampp\yii\framework\web\CDataProvider.php(224): CActiveDataProvider->calculateTotalItemCount()
#9 C:\xampp\yii\framework\web\CActiveDataProvider.php(178): CDataProvider->getTotalItemCount()
#10 C:\xampp\yii\framework\web\CDataProvider.php(168): CActiveDataProvider->fetchData()
#11 C:\xampp\yii\framework\zii\widgets\CBaseListView.php(111): CDataProvider->getData()
#12 C:\xampp\yii\framework\zii\widgets\CListView.php(211): CBaseListView->init()
#13 C:\xampp\yii\framework\web\CBaseController.php(147): CListView->init()
#14 C:\xampp\yii\framework\web\CBaseController.php(172): CBaseController->createWidget('zii.widgets.CLi...', Array)
#15 C:\xampp\htdocs\gideon\protected\views\gdPengumuman\index.php(27): CBaseController->widget('zii.widgets.CLi...', Array)
#16 C:\xampp\yii\framework\web\CBaseController.php(126): require('C:\xampp\htdocs...')
#17 C:\xampp\yii\framework\web\CBaseController.php(95): CBaseController->renderInternal('C:\xampp\htdocs...', Array, true)
#18 C:\xampp\yii\framework\web\CController.php(869): CBaseController->renderFile('C:\xampp\htdocs...', Array, true)
#19 C:\xampp\yii\framework\web\CController.php(782): CController->renderPartial('index', Array, true)
#20 C:\xampp\htdocs\gideon\protected\controllers\GdPengumumanController.php(128): CController->render('index', Array)
#21 C:\xampp\yii\framework\web\actions\CInlineAction.php(49): GdPengumumanController->actionIndex()
#22 C:\xampp\yii\framework\web\CController.php(308): CInlineAction->runWithParams(Array)
#23 C:\xampp\yii\framework\web\filters\CFilterChain.php(133): CController->runAction(Object(CInlineAction))
#24 C:\xampp\yii\framework\web\filters\CFilter.php(40): CFilterChain->run()
#25 C:\xampp\yii\framework\web\CController.php(1145): CFilter->filter(Object(CFilterChain))
#26 C:\xampp\yii\framework\web\filters\CInlineFilter.php(58): CController->filterAccessControl(Object(CFilterChain))
#27 C:\xampp\yii\framework\web\filters\CFilterChain.php(130): CInlineFilter->filter(Object(CFilterChain))
#28 C:\xampp\yii\framework\web\CController.php(291): CFilterChain->run()
#29 C:\xampp\yii\framework\web\CController.php(265): CController->runActionWithFilters(Object(CInlineAction), Array)
#30 C:\xampp\yii\framework\web\CWebApplication.php(282): CController->run('')
#31 C:\xampp\yii\framework\web\CWebApplication.php(141): CWebApplication->runController('gdPengumuman/')
#32 C:\xampp\yii\framework\base\CApplication.php(180): CWebApplication->processRequest()
#33 C:\xampp\htdocs\gideon\index.php(13): CApplication->run()
#34 {main}
REQUEST_URI=/gideon/index.php?r=gdPengumuman/
---
2017/02/08 15:03:54 [error] [exception.CException] exception 'CException' with message 'The asset "C:\xampp\htdocs\gideon\protected\extensions\tinymce3\js\assets" to be published does not exist.' in C:\xampp\yii\framework\web\CAssetManager.php:257
Stack trace:
#0 C:\xampp\htdocs\gideon\protected\extensions\tinymce\SladekTinyMce.php(11): CAssetManager->publish('C:\xampp\htdocs...')
#1 C:\xampp\yii\framework\web\CBaseController.php(147): SladekTinyMce->init()
#2 C:\xampp\yii\framework\web\CBaseController.php(172): CBaseController->createWidget('application.ext...', Array)
#3 C:\xampp\htdocs\gideon\protected\views\gdForum\_form.php(53): CBaseController->widget('application.ext...')
#4 C:\xampp\yii\framework\web\CBaseController.php(126): require('C:\xampp\htdocs...')
#5 C:\xampp\yii\framework\web\CBaseController.php(95): CBaseController->renderInternal('C:\xampp\htdocs...', Array, true)
#6 C:\xampp\yii\framework\web\CController.php(869): CBaseController->renderFile('C:\xampp\htdocs...', Array, true)
#7 C:\xampp\htdocs\gideon\protected\views\gdForum\create.php(23): CController->renderPartial('_form', Array)
#8 C:\xampp\yii\framework\web\CBaseController.php(126): require('C:\xampp\htdocs...')
#9 C:\xampp\yii\framework\web\CBaseController.php(95): CBaseController->renderInternal('C:\xampp\htdocs...', Array, true)
#10 C:\xampp\yii\framework\web\CController.php(869): CBaseController->renderFile('C:\xampp\htdocs...', Array, true)
#11 C:\xampp\yii\framework\web\CController.php(782): CController->renderPartial('create', Array, true)
#12 C:\xampp\htdocs\gideon\protected\controllers\GdForumController.php(79): CController->render('create', Array)
#13 C:\xampp\yii\framework\web\actions\CInlineAction.php(49): GdForumController->actionCreate()
#14 C:\xampp\yii\framework\web\CController.php(308): CInlineAction->runWithParams(Array)
#15 C:\xampp\yii\framework\web\filters\CFilterChain.php(133): CController->runAction(Object(CInlineAction))
#16 C:\xampp\yii\framework\web\filters\CFilter.php(40): CFilterChain->run()
#17 C:\xampp\yii\framework\web\CController.php(1145): CFilter->filter(Object(CFilterChain))
#18 C:\xampp\yii\framework\web\filters\CInlineFilter.php(58): CController->filterAccessControl(Object(CFilterChain))
#19 C:\xampp\yii\framework\web\filters\CFilterChain.php(130): CInlineFilter->filter(Object(CFilterChain))
#20 C:\xampp\yii\framework\web\CController.php(291): CFilterChain->run()
#21 C:\xampp\yii\framework\web\CController.php(265): CController->runActionWithFilters(Object(CInlineAction), Array)
#22 C:\xampp\yii\framework\web\CWebApplication.php(282): CController->run('create')
#23 C:\xampp\yii\framework\web\CWebApplication.php(141): CWebApplication->runController('gdForum/create')
#24 C:\xampp\yii\framework\base\CApplication.php(180): CWebApplication->processRequest()
#25 C:\xampp\htdocs\gideon\index.php(13): CApplication->run()
#26 {main}
REQUEST_URI=/gideon/index.php?r=gdForum/create
---
2017/02/08 15:05:58 [error] [exception.CException] exception 'CException' with message 'The asset "C:\xampp\htdocs\gideon\protected\extensions\tinymce3\js\assets" to be published does not exist.' in C:\xampp\yii\framework\web\CAssetManager.php:257
Stack trace:
#0 C:\xampp\htdocs\gideon\protected\extensions\tinymce\SladekTinyMce.php(11): CAssetManager->publish('C:\xampp\htdocs...')
#1 C:\xampp\yii\framework\web\CBaseController.php(147): SladekTinyMce->init()
#2 C:\xampp\yii\framework\web\CBaseController.php(172): CBaseController->createWidget('application.ext...', Array)
#3 C:\xampp\htdocs\gideon\protected\views\gdForum\_form.php(53): CBaseController->widget('application.ext...')
#4 C:\xampp\yii\framework\web\CBaseController.php(126): require('C:\xampp\htdocs...')
#5 C:\xampp\yii\framework\web\CBaseController.php(95): CBaseController->renderInternal('C:\xampp\htdocs...', Array, true)
#6 C:\xampp\yii\framework\web\CController.php(869): CBaseController->renderFile('C:\xampp\htdocs...', Array, true)
#7 C:\xampp\htdocs\gideon\protected\views\gdForum\create.php(23): CController->renderPartial('_form', Array)
#8 C:\xampp\yii\framework\web\CBaseController.php(126): require('C:\xampp\htdocs...')
#9 C:\xampp\yii\framework\web\CBaseController.php(95): CBaseController->renderInternal('C:\xampp\htdocs...', Array, true)
#10 C:\xampp\yii\framework\web\CController.php(869): CBaseController->renderFile('C:\xampp\htdocs...', Array, true)
#11 C:\xampp\yii\framework\web\CController.php(782): CController->renderPartial('create', Array, true)
#12 C:\xampp\htdocs\gideon\protected\controllers\GdForumController.php(79): CController->render('create', Array)
#13 C:\xampp\yii\framework\web\actions\CInlineAction.php(49): GdForumController->actionCreate()
#14 C:\xampp\yii\framework\web\CController.php(308): CInlineAction->runWithParams(Array)
#15 C:\xampp\yii\framework\web\filters\CFilterChain.php(133): CController->runAction(Object(CInlineAction))
#16 C:\xampp\yii\framework\web\filters\CFilter.php(40): CFilterChain->run()
#17 C:\xampp\yii\framework\web\CController.php(1145): CFilter->filter(Object(CFilterChain))
#18 C:\xampp\yii\framework\web\filters\CInlineFilter.php(58): CController->filterAccessControl(Object(CFilterChain))
#19 C:\xampp\yii\framework\web\filters\CFilterChain.php(130): CInlineFilter->filter(Object(CFilterChain))
#20 C:\xampp\yii\framework\web\CController.php(291): CFilterChain->run()
#21 C:\xampp\yii\framework\web\CController.php(265): CController->runActionWithFilters(Object(CInlineAction), Array)
#22 C:\xampp\yii\framework\web\CWebApplication.php(282): CController->run('create')
#23 C:\xampp\yii\framework\web\CWebApplication.php(141): CWebApplication->runController('gdForum/create')
#24 C:\xampp\yii\framework\base\CApplication.php(180): CWebApplication->processRequest()
#25 C:\xampp\htdocs\gideon\index.php(13): CApplication->run()
#26 {main}
REQUEST_URI=/gideon/index.php?r=gdForum/create
---
2017/02/08 15:06:16 [error] [exception.CException] exception 'CException' with message 'The asset "C:\xampp\htdocs\gideon\protected\extensions\tinymce3\js\assets" to be published does not exist.' in C:\xampp\yii\framework\web\CAssetManager.php:257
Stack trace:
#0 C:\xampp\htdocs\gideon\protected\extensions\tinymce\SladekTinyMce.php(11): CAssetManager->publish('C:\xampp\htdocs...')
#1 C:\xampp\yii\framework\web\CBaseController.php(147): SladekTinyMce->init()
#2 C:\xampp\yii\framework\web\CBaseController.php(172): CBaseController->createWidget('application.ext...', Array)
#3 C:\xampp\htdocs\gideon\protected\views\gdForum\_form.php(53): CBaseController->widget('application.ext...')
#4 C:\xampp\yii\framework\web\CBaseController.php(126): require('C:\xampp\htdocs...')
#5 C:\xampp\yii\framework\web\CBaseController.php(95): CBaseController->renderInternal('C:\xampp\htdocs...', Array, true)
#6 C:\xampp\yii\framework\web\CController.php(869): CBaseController->renderFile('C:\xampp\htdocs...', Array, true)
#7 C:\xampp\htdocs\gideon\protected\views\gdForum\create.php(23): CController->renderPartial('_form', Array)
#8 C:\xampp\yii\framework\web\CBaseController.php(126): require('C:\xampp\htdocs...')
#9 C:\xampp\yii\framework\web\CBaseController.php(95): CBaseController->renderInternal('C:\xampp\htdocs...', Array, true)
#10 C:\xampp\yii\framework\web\CController.php(869): CBaseController->renderFile('C:\xampp\htdocs...', Array, true)
#11 C:\xampp\yii\framework\web\CController.php(782): CController->renderPartial('create', Array, true)
#12 C:\xampp\htdocs\gideon\protected\controllers\GdForumController.php(79): CController->render('create', Array)
#13 C:\xampp\yii\framework\web\actions\CInlineAction.php(49): GdForumController->actionCreate()
#14 C:\xampp\yii\framework\web\CController.php(308): CInlineAction->runWithParams(Array)
#15 C:\xampp\yii\framework\web\filters\CFilterChain.php(133): CController->runAction(Object(CInlineAction))
#16 C:\xampp\yii\framework\web\filters\CFilter.php(40): CFilterChain->run()
#17 C:\xampp\yii\framework\web\CController.php(1145): CFilter->filter(Object(CFilterChain))
#18 C:\xampp\yii\framework\web\filters\CInlineFilter.php(58): CController->filterAccessControl(Object(CFilterChain))
#19 C:\xampp\yii\framework\web\filters\CFilterChain.php(130): CInlineFilter->filter(Object(CFilterChain))
#20 C:\xampp\yii\framework\web\CController.php(291): CFilterChain->run()
#21 C:\xampp\yii\framework\web\CController.php(265): CController->runActionWithFilters(Object(CInlineAction), Array)
#22 C:\xampp\yii\framework\web\CWebApplication.php(282): CController->run('create')
#23 C:\xampp\yii\framework\web\CWebApplication.php(141): CWebApplication->runController('gdForum/create')
#24 C:\xampp\yii\framework\base\CApplication.php(180): CWebApplication->processRequest()
#25 C:\xampp\htdocs\gideon\index.php(13): CApplication->run()
#26 {main}
REQUEST_URI=/gideon/index.php?r=gdForum/create
---
2017/02/08 15:08:17 [error] [exception.CException] exception 'CException' with message 'Property "GdForumController.model" is not defined.' in C:\xampp\yii\framework\base\CComponent.php:130
Stack trace:
#0 C:\xampp\htdocs\gideon\protected\views\gdForum\_form.php(53): CComponent->__get('model')
#1 C:\xampp\yii\framework\web\CBaseController.php(126): require('C:\xampp\htdocs...')
#2 C:\xampp\yii\framework\web\CBaseController.php(95): CBaseController->renderInternal('C:\xampp\htdocs...', Array, true)
#3 C:\xampp\yii\framework\web\CController.php(869): CBaseController->renderFile('C:\xampp\htdocs...', Array, true)
#4 C:\xampp\htdocs\gideon\protected\views\gdForum\create.php(23): CController->renderPartial('_form', Array)
#5 C:\xampp\yii\framework\web\CBaseController.php(126): require('C:\xampp\htdocs...')
#6 C:\xampp\yii\framework\web\CBaseController.php(95): CBaseController->renderInternal('C:\xampp\htdocs...', Array, true)
#7 C:\xampp\yii\framework\web\CController.php(869): CBaseController->renderFile('C:\xampp\htdocs...', Array, true)
#8 C:\xampp\yii\framework\web\CController.php(782): CController->renderPartial('create', Array, true)
#9 C:\xampp\htdocs\gideon\protected\controllers\GdForumController.php(79): CController->render('create', Array)
#10 C:\xampp\yii\framework\web\actions\CInlineAction.php(49): GdForumController->actionCreate()
#11 C:\xampp\yii\framework\web\CController.php(308): CInlineAction->runWithParams(Array)
#12 C:\xampp\yii\framework\web\filters\CFilterChain.php(133): CController->runAction(Object(CInlineAction))
#13 C:\xampp\yii\framework\web\filters\CFilter.php(40): CFilterChain->run()
#14 C:\xampp\yii\framework\web\CController.php(1145): CFilter->filter(Object(CFilterChain))
#15 C:\xampp\yii\framework\web\filters\CInlineFilter.php(58): CController->filterAccessControl(Object(CFilterChain))
#16 C:\xampp\yii\framework\web\filters\CFilterChain.php(130): CInlineFilter->filter(Object(CFilterChain))
#17 C:\xampp\yii\framework\web\CController.php(291): CFilterChain->run()
#18 C:\xampp\yii\framework\web\CController.php(265): CController->runActionWithFilters(Object(CInlineAction), Array)
#19 C:\xampp\yii\framework\web\CWebApplication.php(282): CController->run('create')
#20 C:\xampp\yii\framework\web\CWebApplication.php(141): CWebApplication->runController('gdForum/create')
#21 C:\xampp\yii\framework\base\CApplication.php(180): CWebApplication->processRequest()
#22 C:\xampp\htdocs\gideon\index.php(13): CApplication->run()
#23 {main}
REQUEST_URI=/gideon/index.php?r=gdForum/create
---
2017/02/08 15:36:55 [error] [exception.CException] exception 'CException' with message 'GdTugasController contains improperly nested widget tags in its view "C:\xampp\htdocs\gideon\protected\views\gdTugas\_form.php". A CActiveForm widget does not have an endWidget() call.' in C:\xampp\yii\framework\web\CBaseController.php:101
Stack trace:
#0 C:\xampp\yii\framework\web\CController.php(869): CBaseController->renderFile('C:\xampp\htdocs...', Array, true)
#1 C:\xampp\htdocs\gideon\protected\views\gdTugas\create.php(25): CController->renderPartial('_form', Array)
#2 C:\xampp\yii\framework\web\CBaseController.php(126): require('C:\xampp\htdocs...')
#3 C:\xampp\yii\framework\web\CBaseController.php(95): CBaseController->renderInternal('C:\xampp\htdocs...', Array, true)
#4 C:\xampp\yii\framework\web\CController.php(869): CBaseController->renderFile('C:\xampp\htdocs...', Array, true)
#5 C:\xampp\yii\framework\web\CController.php(782): CController->renderPartial('create', Array, true)
#6 C:\xampp\htdocs\gideon\protected\controllers\GdTugasController.php(79): CController->render('create', Array)
#7 C:\xampp\yii\framework\web\actions\CInlineAction.php(49): GdTugasController->actionCreate()
#8 C:\xampp\yii\framework\web\CController.php(308): CInlineAction->runWithParams(Array)
#9 C:\xampp\yii\framework\web\filters\CFilterChain.php(133): CController->runAction(Object(CInlineAction))
#10 C:\xampp\yii\framework\web\filters\CFilter.php(40): CFilterChain->run()
#11 C:\xampp\yii\framework\web\CController.php(1145): CFilter->filter(Object(CFilterChain))
#12 C:\xampp\yii\framework\web\filters\CInlineFilter.php(58): CController->filterAccessControl(Object(CFilterChain))
#13 C:\xampp\yii\framework\web\filters\CFilterChain.php(130): CInlineFilter->filter(Object(CFilterChain))
#14 C:\xampp\yii\framework\web\CController.php(291): CFilterChain->run()
#15 C:\xampp\yii\framework\web\CController.php(265): CController->runActionWithFilters(Object(CInlineAction), Array)
#16 C:\xampp\yii\framework\web\CWebApplication.php(282): CController->run('create')
#17 C:\xampp\yii\framework\web\CWebApplication.php(141): CWebApplication->runController('gdTugas/create')
#18 C:\xampp\yii\framework\base\CApplication.php(180): CWebApplication->processRequest()
#19 C:\xampp\htdocs\gideon\index.php(13): CApplication->run()
#20 {main}
REQUEST_URI=/gideon/index.php?r=gdTugas/create
---
2017/02/10 18:42:15 [error] [exception.CException] exception 'CException' with message 'Property "GdPengumuman.deskripsi" is not defined.' in C:\xampp\yii\framework\base\CComponent.php:130
Stack trace:
#0 C:\xampp\yii\framework\db\ar\CActiveRecord.php(145): CComponent->__get('deskripsi')
#1 C:\xampp\htdocs\gideon\protected\views\gdPengumuman\_view.php(21): CActiveRecord->__get('deskripsi')
#2 C:\xampp\yii\framework\web\CBaseController.php(130): require('C:\xampp\htdocs...')
#3 C:\xampp\yii\framework\web\CBaseController.php(95): CBaseController->renderInternal('C:\xampp\htdocs...', Array, false)
#4 C:\xampp\yii\framework\zii\widgets\CListView.php(291): CBaseController->renderFile('C:\xampp\htdocs...', Array)
#5 C:\xampp\yii\framework\zii\widgets\CBaseListView.php(167): CListView->renderItems()
#6 [internal function]: CBaseListView->renderSection(Array)
#7 C:\xampp\yii\framework\zii\widgets\CBaseListView.php(150): preg_replace_callback('/{(\w+)}/', Array, '{summary}?{sort...')
#8 C:\xampp\yii\framework\zii\widgets\CBaseListView.php(135): CBaseListView->renderContent()
#9 C:\xampp\yii\framework\web\CBaseController.php(173): CBaseListView->run()
#10 C:\xampp\htdocs\gideon\protected\views\gdPengumuman\index.php(27): CBaseController->widget('zii.widgets.CLi...', Array)
#11 C:\xampp\yii\framework\web\CBaseController.php(126): require('C:\xampp\htdocs...')
#12 C:\xampp\yii\framework\web\CBaseController.php(95): CBaseController->renderInternal('C:\xampp\htdocs...', Array, true)
#13 C:\xampp\yii\framework\web\CController.php(869): CBaseController->renderFile('C:\xampp\htdocs...', Array, true)
#14 C:\xampp\yii\framework\web\CController.php(782): CController->renderPartial('index', Array, true)
#15 C:\xampp\htdocs\gideon\protected\controllers\GdPengumumanController.php(128): CController->render('index', Array)
#16 C:\xampp\yii\framework\web\actions\CInlineAction.php(49): GdPengumumanController->actionIndex()
#17 C:\xampp\yii\framework\web\CController.php(308): CInlineAction->runWithParams(Array)
#18 C:\xampp\yii\framework\web\filters\CFilterChain.php(133): CController->runAction(Object(CInlineAction))
#19 C:\xampp\yii\framework\web\filters\CFilter.php(40): CFilterChain->run()
#20 C:\xampp\yii\framework\web\CController.php(1145): CFilter->filter(Object(CFilterChain))
#21 C:\xampp\yii\framework\web\filters\CInlineFilter.php(58): CController->filterAccessControl(Object(CFilterChain))
#22 C:\xampp\yii\framework\web\filters\CFilterChain.php(130): CInlineFilter->filter(Object(CFilterChain))
#23 C:\xampp\yii\framework\web\CController.php(291): CFilterChain->run()
#24 C:\xampp\yii\framework\web\CController.php(265): CController->runActionWithFilters(Object(CInlineAction), Array)
#25 C:\xampp\yii\framework\web\CWebApplication.php(282): CController->run('')
#26 C:\xampp\yii\framework\web\CWebApplication.php(141): CWebApplication->runController('gdPengumuman/')
#27 C:\xampp\yii\framework\base\CApplication.php(180): CWebApplication->processRequest()
#28 C:\xampp\htdocs\gideon\index.php(13): CApplication->run()
#29 {main}
REQUEST_URI=/gideon/index.php?r=gdPengumuman/
---
2017/02/10 18:42:21 [error] [exception.CException] exception 'CException' with message 'Property "GdPengumuman.deskripsi" is not defined.' in C:\xampp\yii\framework\base\CComponent.php:130
Stack trace:
#0 C:\xampp\yii\framework\db\ar\CActiveRecord.php(145): CComponent->__get('deskripsi')
#1 C:\xampp\htdocs\gideon\protected\models\GdPengumuman.php(86): CActiveRecord->__get('deskripsi')
#2 C:\xampp\htdocs\gideon\protected\views\gdPengumuman\admin.php(52): GdPengumuman->search()
#3 C:\xampp\yii\framework\web\CBaseController.php(126): require('C:\xampp\htdocs...')
#4 C:\xampp\yii\framework\web\CBaseController.php(95): CBaseController->renderInternal('C:\xampp\htdocs...', Array, true)
#5 C:\xampp\yii\framework\web\CController.php(869): CBaseController->renderFile('C:\xampp\htdocs...', Array, true)
#6 C:\xampp\yii\framework\web\CController.php(782): CController->renderPartial('admin', Array, true)
#7 C:\xampp\htdocs\gideon\protected\controllers\GdPengumumanController.php(143): CController->render('admin', Array)
#8 C:\xampp\yii\framework\web\actions\CInlineAction.php(49): GdPengumumanController->actionAdmin()
#9 C:\xampp\yii\framework\web\CController.php(308): CInlineAction->runWithParams(Array)
#10 C:\xampp\yii\framework\web\filters\CFilterChain.php(133): CController->runAction(Object(CInlineAction))
#11 C:\xampp\yii\framework\web\filters\CFilter.php(40): CFilterChain->run()
#12 C:\xampp\yii\framework\web\CController.php(1145): CFilter->filter(Object(CFilterChain))
#13 C:\xampp\yii\framework\web\filters\CInlineFilter.php(58): CController->filterAccessControl(Object(CFilterChain))
#14 C:\xampp\yii\framework\web\filters\CFilterChain.php(130): CInlineFilter->filter(Object(CFilterChain))
#15 C:\xampp\yii\framework\web\CController.php(291): CFilterChain->run()
#16 C:\xampp\yii\framework\web\CController.php(265): CController->runActionWithFilters(Object(CInlineAction), Array)
#17 C:\xampp\yii\framework\web\CWebApplication.php(282): CController->run('admin')
#18 C:\xampp\yii\framework\web\CWebApplication.php(141): CWebApplication->runController('gdPengumuman/ad...')
#19 C:\xampp\yii\framework\base\CApplication.php(180): CWebApplication->processRequest()
#20 C:\xampp\htdocs\gideon\index.php(13): CApplication->run()
#21 {main}
REQUEST_URI=/gideon/index.php?r=gdPengumuman/admin
---
2017/02/10 20:28:04 [error] [exception.CException] exception 'CException' with message 'Property "GdPengumuman.deskripsi" is not defined.' in C:\xampp\yii\framework\base\CComponent.php:130
Stack trace:
#0 C:\xampp\yii\framework\db\ar\CActiveRecord.php(145): CComponent->__get('deskripsi')
#1 C:\xampp\htdocs\gideon\protected\views\gdPengumuman\_view.php(21): CActiveRecord->__get('deskripsi')
#2 C:\xampp\yii\framework\web\CBaseController.php(130): require('C:\xampp\htdocs...')
#3 C:\xampp\yii\framework\web\CBaseController.php(95): CBaseController->renderInternal('C:\xampp\htdocs...', Array, false)
#4 C:\xampp\yii\framework\zii\widgets\CListView.php(291): CBaseController->renderFile('C:\xampp\htdocs...', Array)
#5 C:\xampp\yii\framework\zii\widgets\CBaseListView.php(167): CListView->renderItems()
#6 [internal function]: CBaseListView->renderSection(Array)
#7 C:\xampp\yii\framework\zii\widgets\CBaseListView.php(150): preg_replace_callback('/{(\w+)}/', Array, '{summary}?{sort...')
#8 C:\xampp\yii\framework\zii\widgets\CBaseListView.php(135): CBaseListView->renderContent()
#9 C:\xampp\yii\framework\web\CBaseController.php(173): CBaseListView->run()
#10 C:\xampp\htdocs\gideon\protected\views\gdPengumuman\index.php(27): CBaseController->widget('zii.widgets.CLi...', Array)
#11 C:\xampp\yii\framework\web\CBaseController.php(126): require('C:\xampp\htdocs...')
#12 C:\xampp\yii\framework\web\CBaseController.php(95): CBaseController->renderInternal('C:\xampp\htdocs...', Array, true)
#13 C:\xampp\yii\framework\web\CController.php(869): CBaseController->renderFile('C:\xampp\htdocs...', Array, true)
#14 C:\xampp\yii\framework\web\CController.php(782): CController->renderPartial('index', Array, true)
#15 C:\xampp\htdocs\gideon\protected\controllers\GdPengumumanController.php(128): CController->render('index', Array)
#16 C:\xampp\yii\framework\web\actions\CInlineAction.php(49): GdPengumumanController->actionIndex()
#17 C:\xampp\yii\framework\web\CController.php(308): CInlineAction->runWithParams(Array)
#18 C:\xampp\yii\framework\web\filters\CFilterChain.php(133): CController->runAction(Object(CInlineAction))
#19 C:\xampp\yii\framework\web\filters\CFilter.php(40): CFilterChain->run()
#20 C:\xampp\yii\framework\web\CController.php(1145): CFilter->filter(Object(CFilterChain))
#21 C:\xampp\yii\framework\web\filters\CInlineFilter.php(58): CController->filterAccessControl(Object(CFilterChain))
#22 C:\xampp\yii\framework\web\filters\CFilterChain.php(130): CInlineFilter->filter(Object(CFilterChain))
#23 C:\xampp\yii\framework\web\CController.php(291): CFilterChain->run()
#24 C:\xampp\yii\framework\web\CController.php(265): CController->runActionWithFilters(Object(CInlineAction), Array)
#25 C:\xampp\yii\framework\web\CWebApplication.php(282): CController->run('')
#26 C:\xampp\yii\framework\web\CWebApplication.php(141): CWebApplication->runController('gdPengumuman/')
#27 C:\xampp\yii\framework\base\CApplication.php(180): CWebApplication->processRequest()
#28 C:\xampp\htdocs\gideon\index.php(13): CApplication->run()
#29 {main}
REQUEST_URI=/gideon/index.php?r=gdPengumuman/
---
2017/02/10 20:28:27 [error] [exception.CException] exception 'CException' with message 'Property "GdPengumuman.deskripsi" is not defined.' in C:\xampp\yii\framework\base\CComponent.php:130
Stack trace:
#0 C:\xampp\yii\framework\db\ar\CActiveRecord.php(145): CComponent->__get('deskripsi')
#1 C:\xampp\htdocs\gideon\protected\views\gdPengumuman\_view.php(21): CActiveRecord->__get('deskripsi')
#2 C:\xampp\yii\framework\web\CBaseController.php(130): require('C:\xampp\htdocs...')
#3 C:\xampp\yii\framework\web\CBaseController.php(95): CBaseController->renderInternal('C:\xampp\htdocs...', Array, false)
#4 C:\xampp\yii\framework\zii\widgets\CListView.php(291): CBaseController->renderFile('C:\xampp\htdocs...', Array)
#5 C:\xampp\yii\framework\zii\widgets\CBaseListView.php(167): CListView->renderItems()
#6 [internal function]: CBaseListView->renderSection(Array)
#7 C:\xampp\yii\framework\zii\widgets\CBaseListView.php(150): preg_replace_callback('/{(\w+)}/', Array, '{summary}?{sort...')
#8 C:\xampp\yii\framework\zii\widgets\CBaseListView.php(135): CBaseListView->renderContent()
#9 C:\xampp\yii\framework\web\CBaseController.php(173): CBaseListView->run()
#10 C:\xampp\htdocs\gideon\protected\views\gdPengumuman\index.php(27): CBaseController->widget('zii.widgets.CLi...', Array)
#11 C:\xampp\yii\framework\web\CBaseController.php(126): require('C:\xampp\htdocs...')
#12 C:\xampp\yii\framework\web\CBaseController.php(95): CBaseController->renderInternal('C:\xampp\htdocs...', Array, true)
#13 C:\xampp\yii\framework\web\CController.php(869): CBaseController->renderFile('C:\xampp\htdocs...', Array, true)
#14 C:\xampp\yii\framework\web\CController.php(782): CController->renderPartial('index', Array, true)
#15 C:\xampp\htdocs\gideon\protected\controllers\GdPengumumanController.php(128): CController->render('index', Array)
#16 C:\xampp\yii\framework\web\actions\CInlineAction.php(49): GdPengumumanController->actionIndex()
#17 C:\xampp\yii\framework\web\CController.php(308): CInlineAction->runWithParams(Array)
#18 C:\xampp\yii\framework\web\filters\CFilterChain.php(133): CController->runAction(Object(CInlineAction))
#19 C:\xampp\yii\framework\web\filters\CFilter.php(40): CFilterChain->run()
#20 C:\xampp\yii\framework\web\CController.php(1145): CFilter->filter(Object(CFilterChain))
#21 C:\xampp\yii\framework\web\filters\CInlineFilter.php(58): CController->filterAccessControl(Object(CFilterChain))
#22 C:\xampp\yii\framework\web\filters\CFilterChain.php(130): CInlineFilter->filter(Object(CFilterChain))
#23 C:\xampp\yii\framework\web\CController.php(291): CFilterChain->run()
#24 C:\xampp\yii\framework\web\CController.php(265): CController->runActionWithFilters(Object(CInlineAction), Array)
#25 C:\xampp\yii\framework\web\CWebApplication.php(282): CController->run('')
#26 C:\xampp\yii\framework\web\CWebApplication.php(141): CWebApplication->runController('gdPengumuman/')
#27 C:\xampp\yii\framework\base\CApplication.php(180): CWebApplication->processRequest()
#28 C:\xampp\htdocs\gideon\index.php(13): CApplication->run()
#29 {main}
REQUEST_URI=/gideon/index.php?r=gdPengumuman/
---
2017/02/25 11:52:52 [error] [system.db.CDbCommand] CDbCommand::fetchAll() failed: SQLSTATE[42S22]: Column not found: 1054 Unknown column 'id_matapelajaran' in 'field list'. The SQL statement executed was: select id_matapelajaran, matapelajaran from gd_mtpelajaran.
in C:\xampp\htdocs\gideon\protected\views\gdTopik\_form.php (24)
in C:\xampp\htdocs\gideon\protected\views\gdTopik\create.php (18)
in C:\xampp\htdocs\gideon\protected\controllers\GdTopikController.php (81)
2017/02/25 11:52:53 [error] [exception.CDbException] exception 'CDbException' with message 'CDbCommand failed to execute the SQL statement: SQLSTATE[42S22]: Column not found: 1054 Unknown column 'id_matapelajaran' in 'field list'. The SQL statement executed was: select id_matapelajaran, matapelajaran from gd_mtpelajaran' in C:\xampp\yii\framework\db\CDbCommand.php:543
Stack trace:
#0 C:\xampp\yii\framework\db\CDbCommand.php(396): CDbCommand->queryInternal('fetchAll', Array, Array)
#1 C:\xampp\htdocs\gideon\protected\views\gdTopik\_form.php(24): CDbCommand->queryAll()
#2 C:\xampp\yii\framework\web\CBaseController.php(126): require('C:\xampp\htdocs...')
#3 C:\xampp\yii\framework\web\CBaseController.php(95): CBaseController->renderInternal('C:\xampp\htdocs...', Array, true)
#4 C:\xampp\yii\framework\web\CController.php(869): CBaseController->renderFile('C:\xampp\htdocs...', Array, true)
#5 C:\xampp\htdocs\gideon\protected\views\gdTopik\create.php(18): CController->renderPartial('_form', Array)
#6 C:\xampp\yii\framework\web\CBaseController.php(126): require('C:\xampp\htdocs...')
#7 C:\xampp\yii\framework\web\CBaseController.php(95): CBaseController->renderInternal('C:\xampp\htdocs...', Array, true)
#8 C:\xampp\yii\framework\web\CController.php(869): CBaseController->renderFile('C:\xampp\htdocs...', Array, true)
#9 C:\xampp\yii\framework\web\CController.php(782): CController->renderPartial('create', Array, true)
#10 C:\xampp\htdocs\gideon\protected\controllers\GdTopikController.php(81): CController->render('create', Array)
#11 C:\xampp\yii\framework\web\actions\CInlineAction.php(49): GdTopikController->actionCreate()
#12 C:\xampp\yii\framework\web\CController.php(308): CInlineAction->runWithParams(Array)
#13 C:\xampp\yii\framework\web\filters\CFilterChain.php(133): CController->runAction(Object(CInlineAction))
#14 C:\xampp\yii\framework\web\filters\CFilter.php(40): CFilterChain->run()
#15 C:\xampp\yii\framework\web\CController.php(1145): CFilter->filter(Object(CFilterChain))
#16 C:\xampp\yii\framework\web\filters\CInlineFilter.php(58): CController->filterAccessControl(Object(CFilterChain))
#17 C:\xampp\yii\framework\web\filters\CFilterChain.php(130): CInlineFilter->filter(Object(CFilterChain))
#18 C:\xampp\yii\framework\web\CController.php(291): CFilterChain->run()
#19 C:\xampp\yii\framework\web\CController.php(265): CController->runActionWithFilters(Object(CInlineAction), Array)
#20 C:\xampp\yii\framework\web\CWebApplication.php(282): CController->run('create')
#21 C:\xampp\yii\framework\web\CWebApplication.php(141): CWebApplication->runController('gdTopik/create')
#22 C:\xampp\yii\framework\base\CApplication.php(180): CWebApplication->processRequest()
#23 C:\xampp\htdocs\gideon\index.php(13): CApplication->run()
#24 {main}
REQUEST_URI=/gideon/index.php?r=gdTopik/create
---
2017/02/25 12:05:17 [error] [exception.CException] exception 'CException' with message 'Property "GdMateri.deskripspi" is not defined.' in C:\xampp\yii\framework\base\CComponent.php:130
Stack trace:
#0 C:\xampp\yii\framework\db\ar\CActiveRecord.php(145): CComponent->__get('deskripspi')
#1 C:\xampp\yii\framework\web\helpers\CHtml.php(2529): CActiveRecord->__get('deskripspi')
#2 C:\xampp\yii\framework\web\helpers\CHtml.php(1654): CHtml::resolveValue(Object(GdMateri), 'deskripspi')
#3 C:\xampp\yii\framework\web\widgets\CActiveForm.php(786): CHtml::activeTextArea(Object(GdMateri), 'deskripspi', Array)
#4 C:\xampp\htdocs\gideon\protected\views\gdTopik\_form.php(37): CActiveForm->textArea(Object(GdMateri), 'deskripspi', Array)
#5 C:\xampp\yii\framework\web\CBaseController.php(126): require('C:\xampp\htdocs...')
#6 C:\xampp\yii\framework\web\CBaseController.php(95): CBaseController->renderInternal('C:\xampp\htdocs...', Array, true)
#7 C:\xampp\yii\framework\web\CController.php(869): CBaseController->renderFile('C:\xampp\htdocs...', Array, true)
#8 C:\xampp\htdocs\gideon\protected\views\gdTopik\create.php(18): CController->renderPartial('_form', Array)
#9 C:\xampp\yii\framework\web\CBaseController.php(126): require('C:\xampp\htdocs...')
#10 C:\xampp\yii\framework\web\CBaseController.php(95): CBaseController->renderInternal('C:\xampp\htdocs...', Array, true)
#11 C:\xampp\yii\framework\web\CController.php(869): CBaseController->renderFile('C:\xampp\htdocs...', Array, true)
#12 C:\xampp\yii\framework\web\CController.php(782): CController->renderPartial('create', Array, true)
#13 C:\xampp\htdocs\gideon\protected\controllers\GdTopikController.php(81): CController->render('create', Array)
#14 C:\xampp\yii\framework\web\actions\CInlineAction.php(49): GdTopikController->actionCreate()
#15 C:\xampp\yii\framework\web\CController.php(308): CInlineAction->runWithParams(Array)
#16 C:\xampp\yii\framework\web\filters\CFilterChain.php(133): CController->runAction(Object(CInlineAction))
#17 C:\xampp\yii\framework\web\filters\CFilter.php(40): CFilterChain->run()
#18 C:\xampp\yii\framework\web\CController.php(1145): CFilter->filter(Object(CFilterChain))
#19 C:\xampp\yii\framework\web\filters\CInlineFilter.php(58): CController->filterAccessControl(Object(CFilterChain))
#20 C:\xampp\yii\framework\web\filters\CFilterChain.php(130): CInlineFilter->filter(Object(CFilterChain))
#21 C:\xampp\yii\framework\web\CController.php(291): CFilterChain->run()
#22 C:\xampp\yii\framework\web\CController.php(265): CController->runActionWithFilters(Object(CInlineAction), Array)
#23 C:\xampp\yii\framework\web\CWebApplication.php(282): CController->run('create')
#24 C:\xampp\yii\framework\web\CWebApplication.php(141): CWebApplication->runController('gdTopik/create')
#25 C:\xampp\yii\framework\base\CApplication.php(180): CWebApplication->processRequest()
#26 C:\xampp\htdocs\gideon\index.php(13): CApplication->run()
#27 {main}
REQUEST_URI=/gideon/index.php?r=gdTopik/create
HTTP_REFERER=http://localhost/gideon/index.php?r=gdTopik/admin
---
2017/02/25 13:09:30 [warning] [application] Failed to set unsafe attribute "file_materi" of "GdTopik".
in C:\xampp\htdocs\gideon\protected\controllers\GdTopikController.php (73)
in C:\xampp\htdocs\gideon\index.php (13)
2017/02/25 13:09:44 [warning] [application] Failed to set unsafe attribute "file_materi" of "GdTopik".
in C:\xampp\htdocs\gideon\protected\controllers\GdTopikController.php (73)
in C:\xampp\htdocs\gideon\index.php (13)
2017/02/25 13:09:44 [error] [php] Undefined index: id_topik (C:\xampp\htdocs\gideon\protected\controllers\GdTopikController.php:75)
Stack trace:
#0 C:\xampp\yii\framework\web\filters\CFilterChain.php(133): GdTopikController->runAction()
#1 C:\xampp\yii\framework\web\filters\CFilter.php(40): CFilterChain->run()
#2 C:\xampp\yii\framework\web\CController.php(1145): CAccessControlFilter->filter()
#3 C:\xampp\yii\framework\web\filters\CInlineFilter.php(58): GdTopikController->filterAccessControl()
#4 C:\xampp\yii\framework\web\filters\CFilterChain.php(130): CInlineFilter->filter()
#5 C:\xampp\yii\framework\web\CController.php(291): CFilterChain->run()
#6 C:\xampp\yii\framework\web\CController.php(265): GdTopikController->runActionWithFilters()
#7 C:\xampp\yii\framework\web\CWebApplication.php(282): GdTopikController->run()
#8 C:\xampp\yii\framework\web\CWebApplication.php(141): CWebApplication->runController()
#9 C:\xampp\yii\framework\base\CApplication.php(180): CWebApplication->processRequest()
#10 C:\xampp\htdocs\gideon\index.php(13): CWebApplication->run()
REQUEST_URI=/gideon/index.php?r=gdTopik/create
in C:\xampp\htdocs\gideon\protected\controllers\GdTopikController.php (75)
in C:\xampp\htdocs\gideon\index.php (13)
2017/02/25 13:11:41 [warning] [application] Failed to set unsafe attribute "file_materi" of "GdTopik".
in C:\xampp\htdocs\gideon\protected\controllers\GdTopikController.php (73)
in C:\xampp\htdocs\gideon\index.php (13)
2017/02/25 13:15:20 [warning] [application] Failed to set unsafe attribute "file_materi" of "GdTopik".
in C:\xampp\htdocs\gideon\protected\controllers\GdTopikController.php (73)
in C:\xampp\htdocs\gideon\index.php (13)
2017/02/25 13:15:21 [error] [exception.CException] exception 'CException' with message 'Property "GdMateri.image" is not defined.' in C:\xampp\yii\framework\base\CComponent.php:173
Stack trace:
#0 C:\xampp\yii\framework\db\ar\CActiveRecord.php(161): CComponent->__set('image', NULL)
#1 C:\xampp\htdocs\gideon\protected\controllers\GdTopikController.php(77): CActiveRecord->__set('image', NULL)
#2 C:\xampp\yii\framework\web\actions\CInlineAction.php(49): GdTopikController->actionCreate()
#3 C:\xampp\yii\framework\web\CController.php(308): CInlineAction->runWithParams(Array)
#4 C:\xampp\yii\framework\web\filters\CFilterChain.php(133): CController->runAction(Object(CInlineAction))
#5 C:\xampp\yii\framework\web\filters\CFilter.php(40): CFilterChain->run()
#6 C:\xampp\yii\framework\web\CController.php(1145): CFilter->filter(Object(CFilterChain))
#7 C:\xampp\yii\framework\web\filters\CInlineFilter.php(58): CController->filterAccessControl(Object(CFilterChain))
#8 C:\xampp\yii\framework\web\filters\CFilterChain.php(130): CInlineFilter->filter(Object(CFilterChain))
#9 C:\xampp\yii\framework\web\CController.php(291): CFilterChain->run()
#10 C:\xampp\yii\framework\web\CController.php(265): CController->runActionWithFilters(Object(CInlineAction), Array)
#11 C:\xampp\yii\framework\web\CWebApplication.php(282): CController->run('create')
#12 C:\xampp\yii\framework\web\CWebApplication.php(141): CWebApplication->runController('gdTopik/create')
#13 C:\xampp\yii\framework\base\CApplication.php(180): CWebApplication->processRequest()
#14 C:\xampp\htdocs\gideon\index.php(13): CApplication->run()
#15 {main}
REQUEST_URI=/gideon/index.php?r=gdTopik/create
HTTP_REFERER=http://localhost/gideon/index.php?r=gdTopik/create
---
2017/02/25 14:03:40 [error] [php] Undefined variable: upload (C:\xampp\htdocs\gideon\protected\controllers\GdTopikController.php:83)
Stack trace:
#0 C:\xampp\yii\framework\web\filters\CFilterChain.php(133): GdTopikController->runAction()
#1 C:\xampp\yii\framework\web\filters\CFilter.php(40): CFilterChain->run()
#2 C:\xampp\yii\framework\web\CController.php(1145): CAccessControlFilter->filter()
#3 C:\xampp\yii\framework\web\filters\CInlineFilter.php(58): GdTopikController->filterAccessControl()
#4 C:\xampp\yii\framework\web\filters\CFilterChain.php(130): CInlineFilter->filter()
#5 C:\xampp\yii\framework\web\CController.php(291): CFilterChain->run()
#6 C:\xampp\yii\framework\web\CController.php(265): GdTopikController->runActionWithFilters()
#7 C:\xampp\yii\framework\web\CWebApplication.php(282): GdTopikController->run()
#8 C:\xampp\yii\framework\web\CWebApplication.php(141): CWebApplication->runController()
#9 C:\xampp\yii\framework\base\CApplication.php(180): CWebApplication->processRequest()
#10 C:\xampp\htdocs\gideon\index.php(13): CWebApplication->run()
REQUEST_URI=/gideon/index.php?r=gdTopik/create
in C:\xampp\htdocs\gideon\protected\controllers\GdTopikController.php (83)
in C:\xampp\htdocs\gideon\index.php (13)
2017/02/25 14:04:44 [error] [exception.CException] exception 'CException' with message 'Property "GdMateri.files" is not defined.' in C:\xampp\yii\framework\base\CComponent.php:130
Stack trace:
#0 C:\xampp\yii\framework\db\ar\CActiveRecord.php(145): CComponent->__get('files')
#1 C:\xampp\htdocs\gideon\protected\controllers\GdTopikController.php(83): CActiveRecord->__get('files')
#2 C:\xampp\yii\framework\web\actions\CInlineAction.php(49): GdTopikController->actionCreate()
#3 C:\xampp\yii\framework\web\CController.php(308): CInlineAction->runWithParams(Array)
#4 C:\xampp\yii\framework\web\filters\CFilterChain.php(133): CController->runAction(Object(CInlineAction))
#5 C:\xampp\yii\framework\web\filters\CFilter.php(40): CFilterChain->run()
#6 C:\xampp\yii\framework\web\CController.php(1145): CFilter->filter(Object(CFilterChain))
#7 C:\xampp\yii\framework\web\filters\CInlineFilter.php(58): CController->filterAccessControl(Object(CFilterChain))
#8 C:\xampp\yii\framework\web\filters\CFilterChain.php(130): CInlineFilter->filter(Object(CFilterChain))
#9 C:\xampp\yii\framework\web\CController.php(291): CFilterChain->run()
#10 C:\xampp\yii\framework\web\CController.php(265): CController->runActionWithFilters(Object(CInlineAction), Array)
#11 C:\xampp\yii\framework\web\CWebApplication.php(282): CController->run('create')
#12 C:\xampp\yii\framework\web\CWebApplication.php(141): CWebApplication->runController('gdTopik/create')
#13 C:\xampp\yii\framework\base\CApplication.php(180): CWebApplication->processRequest()
#14 C:\xampp\htdocs\gideon\index.php(13): CApplication->run()
#15 {main}
REQUEST_URI=/gideon/index.php?r=gdTopik/create
HTTP_REFERER=http://localhost/gideon/index.php?r=gdTopik/create
---
2017/02/25 14:05:40 [error] [php] move_uploaded_file(C:/xampp/htdocs/gideon/uploads/pelajaran/materi/fb.JPG): failed to open stream: No such file or directory (C:\xampp\yii\framework\web\CUploadedFile.php:198)
Stack trace:
#0 C:\xampp\yii\framework\web\actions\CInlineAction.php(49): GdTopikController->actionCreate()
#1 C:\xampp\yii\framework\web\CController.php(308): CInlineAction->runWithParams()
#2 C:\xampp\yii\framework\web\filters\CFilterChain.php(133): GdTopikController->runAction()
#3 C:\xampp\yii\framework\web\filters\CFilter.php(40): CFilterChain->run()
#4 C:\xampp\yii\framework\web\CController.php(1145): CAccessControlFilter->filter()
#5 C:\xampp\yii\framework\web\filters\CInlineFilter.php(58): GdTopikController->filterAccessControl()
#6 C:\xampp\yii\framework\web\filters\CFilterChain.php(130): CInlineFilter->filter()
#7 C:\xampp\yii\framework\web\CController.php(291): CFilterChain->run()
#8 C:\xampp\yii\framework\web\CController.php(265): GdTopikController->runActionWithFilters()
#9 C:\xampp\yii\framework\web\CWebApplication.php(282): GdTopikController->run()
#10 C:\xampp\yii\framework\web\CWebApplication.php(141): CWebApplication->runController()
#11 C:\xampp\yii\framework\base\CApplication.php(180): CWebApplication->processRequest()
#12 C:\xampp\htdocs\gideon\index.php(13): CWebApplication->run()
REQUEST_URI=/gideon/index.php?r=gdTopik/create
in C:\xampp\htdocs\gideon\protected\controllers\GdTopikController.php (84)
in C:\xampp\htdocs\gideon\index.php (13)
2017/02/25 17:01:57 [error] [php] move_uploaded_file(/uploads/pelajaran/materi/aryo.JPG): failed to open stream: No such file or directory (C:\xampp\yii\framework\web\CUploadedFile.php:198)
Stack trace:
#0 C:\xampp\yii\framework\web\actions\CInlineAction.php(49): GdTopikController->actionCreate()
#1 C:\xampp\yii\framework\web\CController.php(308): CInlineAction->runWithParams()
#2 C:\xampp\yii\framework\web\filters\CFilterChain.php(133): GdTopikController->runAction()
#3 C:\xampp\yii\framework\web\filters\CFilter.php(40): CFilterChain->run()
#4 C:\xampp\yii\framework\web\CController.php(1145): CAccessControlFilter->filter()
#5 C:\xampp\yii\framework\web\filters\CInlineFilter.php(58): GdTopikController->filterAccessControl()
#6 C:\xampp\yii\framework\web\filters\CFilterChain.php(130): CInlineFilter->filter()
#7 C:\xampp\yii\framework\web\CController.php(291): CFilterChain->run()
#8 C:\xampp\yii\framework\web\CController.php(265): GdTopikController->runActionWithFilters()
#9 C:\xampp\yii\framework\web\CWebApplication.php(282): GdTopikController->run()
#10 C:\xampp\yii\framework\web\CWebApplication.php(141): CWebApplication->runController()
#11 C:\xampp\yii\framework\base\CApplication.php(180): CWebApplication->processRequest()
#12 C:\xampp\htdocs\gideon\index.php(13): CWebApplication->run()
REQUEST_URI=/gideon/index.php?r=gdTopik/create
in C:\xampp\htdocs\gideon\protected\controllers\GdTopikController.php (83)
in C:\xampp\htdocs\gideon\index.php (13)
